0 info it worked if it ends with ok
1 verbose cli [ 'C:\\Program Files\\nodejs\\node.exe',
1 verbose cli   'C:\\Program Files\\nodejs\\node_modules\\npm\\bin\\npm-cli.js',
1 verbose cli   'install' ]
2 info using npm@3.6.0
3 info using node@v5.7.1
4 silly loadCurrentTree Starting
5 silly install loadCurrentTree
6 silly install readLocalPackageData
7 silly install normalizeTree
8 silly loadCurrentTree Finishing
9 silly loadIdealTree Starting
10 silly install loadIdealTree
11 silly cloneCurrentTree Starting
12 silly install cloneCurrentTreeToIdealTree
13 silly cloneCurrentTree Finishing
14 silly loadShrinkwrap Starting
15 silly install loadShrinkwrap
16 silly loadShrinkwrap Finishing
17 silly loadAllDepsIntoIdealTree Starting
18 silly install loadAllDepsIntoIdealTree
19 silly fetchOtherPackageData validator@github:yaireo/validator
20 silly cache add args [ 'validator@github:yaireo/validator', null ]
21 verbose cache add spec validator@github:yaireo/validator
22 silly cache add parsed spec Result {
22 silly cache add   raw: 'validator@github:yaireo/validator',
22 silly cache add   scope: null,
22 silly cache add   name: 'validator',
22 silly cache add   rawSpec: 'github:yaireo/validator',
22 silly cache add   spec: 'github:yaireo/validator',
22 silly cache add   type: 'hosted',
22 silly cache add   hosted:
22 silly cache add    { type: 'github',
22 silly cache add      ssh: 'git@github.com:yaireo/validator.git',
22 silly cache add      sshUrl: 'git+ssh://git@github.com/yaireo/validator.git',
22 silly cache add      httpsUrl: 'git+https://github.com/yaireo/validator.git',
22 silly cache add      gitUrl: 'git://github.com/yaireo/validator.git',
22 silly cache add      shortcut: 'github:yaireo/validator',
22 silly cache add      directUrl: 'https://raw.githubusercontent.com/yaireo/validator/master/package.json' } }
23 verbose addRemoteGit caching github:yaireo/validator
24 verbose addRemoteGit yaireo/validator is a repository hosted by github
25 silly tryGitProto attempting to clone git://github.com/yaireo/validator.git
26 silly tryClone cloning yaireo/validator via git://github.com/yaireo/validator.git
27 verbose tryClone git-github-com-yaireo-validator-git-7d0f5aca not in flight; caching
28 verbose correctMkdir C:\Users\KhanMohammad\AppData\Roaming\npm-cache\_git-remotes correctMkdir not in flight; initializing
29 info git [ 'config', '--get', 'remote.origin.url' ]
30 silly validateExistingRemote yaireo/validator remote.origin.url: git://github.com/yaireo/validator.git
31 verbose validateExistingRemote yaireo/validator is updating existing cached remote C:\Users\KhanMohammad\AppData\Roaming\npm-cache\_git-remotes\git-github-com-yaireo-validator-git-7d0f5aca
32 info git [ 'fetch', '-a', 'origin' ]
33 verbose updateRemote git fetch -a origin (git://github.com/yaireo/validator.git)
34 verbose setPermissions yaireo/validator skipping chownr on Windows
35 verbose resolveHead yaireo/validator original treeish: master
36 info git [ 'rev-list', '-n1', 'master' ]
37 silly resolveHead yaireo/validator resolved treeish: 58358238f1cc038f8af84d9caacfc5e0ccdc0993
38 verbose resolveHead yaireo/validator resolved Git URL: git://github.com/yaireo/validator.git#58358238f1cc038f8af84d9caacfc5e0ccdc0993
39 silly resolveHead Git working directory: C:\Users\KHANMO~1\AppData\Local\Temp\npm-4864-ff376754\git-cache-bdc88ae5\58358238f1cc038f8af84d9caacfc5e0ccdc0993
40 info git [ 'clone',
40 info git   'C:\\Users\\KhanMohammad\\AppData\\Roaming\\npm-cache\\_git-remotes\\git-github-com-yaireo-validator-git-7d0f5aca',
40 info git   'C:\\Users\\KHANMO~1\\AppData\\Local\\Temp\\npm-4864-ff376754\\git-cache-bdc88ae5\\58358238f1cc038f8af84d9caacfc5e0ccdc0993' ]
41 verbose cloneResolved yaireo/validator clone Cloning into 'C:\Users\KHANMO~1\AppData\Local\Temp\npm-4864-ff376754\git-cache-bdc88ae5\58358238f1cc038f8af84d9caacfc5e0ccdc0993'...
41 verbose cloneResolved done.
42 info git [ 'checkout', '58358238f1cc038f8af84d9caacfc5e0ccdc0993' ]
43 verbose checkoutTreeish yaireo/validator checkout Note: checking out '58358238f1cc038f8af84d9caacfc5e0ccdc0993'.
43 verbose checkoutTreeish
43 verbose checkoutTreeish You are in 'detached HEAD' state. You can look around, make experimental
43 verbose checkoutTreeish changes and commit them, and you can discard any commits you make in this
43 verbose checkoutTreeish state without impacting any branches by performing another checkout.
43 verbose checkoutTreeish
43 verbose checkoutTreeish If you want to create a new branch to retain commits you create, you may
43 verbose checkoutTreeish do so (now or later) by using -b with the checkout command again. Example:
43 verbose checkoutTreeish
43 verbose checkoutTreeish   git checkout -b <new-branch-name>
43 verbose checkoutTreeish
43 verbose checkoutTreeish HEAD is now at 5835823... fixed a bug with validating linked fields
44 error addLocal Could not install C:\Users\KHANMO~1\AppData\Local\Temp\npm-4864-ff376754\git-cache-bdc88ae5\58358238f1cc038f8af84d9caacfc5e0ccdc0993
45 silly tryHTTPS attempting to clone git+https://github.com/yaireo/validator.git
46 silly tryClone cloning yaireo/validator via git+https://github.com/yaireo/validator.git
47 verbose tryClone git-https-github-com-yaireo-validator-git-48bf62ab not in flight; caching
48 verbose correctMkdir C:\Users\KhanMohammad\AppData\Roaming\npm-cache\_git-remotes correctMkdir not in flight; initializing
49 info git [ 'config', '--get', 'remote.origin.url' ]
50 silly validateExistingRemote yaireo/validator remote.origin.url: https://github.com/yaireo/validator.git
51 verbose validateExistingRemote yaireo/validator is updating existing cached remote C:\Users\KhanMohammad\AppData\Roaming\npm-cache\_git-remotes\git-https-github-com-yaireo-validator-git-48bf62ab
52 info git [ 'fetch', '-a', 'origin' ]
53 verbose updateRemote git fetch -a origin (https://github.com/yaireo/validator.git)
54 verbose setPermissions yaireo/validator skipping chownr on Windows
55 verbose resolveHead yaireo/validator original treeish: master
56 info git [ 'rev-list', '-n1', 'master' ]
57 silly resolveHead yaireo/validator resolved treeish: 58358238f1cc038f8af84d9caacfc5e0ccdc0993
58 verbose resolveHead yaireo/validator resolved Git URL: git+https://github.com/yaireo/validator.git#58358238f1cc038f8af84d9caacfc5e0ccdc0993
59 silly resolveHead Git working directory: C:\Users\KHANMO~1\AppData\Local\Temp\npm-4864-ff376754\git-cache-7fd0b90a\58358238f1cc038f8af84d9caacfc5e0ccdc0993
60 info git [ 'clone',
60 info git   'C:\\Users\\KhanMohammad\\AppData\\Roaming\\npm-cache\\_git-remotes\\git-https-github-com-yaireo-validator-git-48bf62ab',
60 info git   'C:\\Users\\KHANMO~1\\AppData\\Local\\Temp\\npm-4864-ff376754\\git-cache-7fd0b90a\\58358238f1cc038f8af84d9caacfc5e0ccdc0993' ]
61 verbose cloneResolved yaireo/validator clone Cloning into 'C:\Users\KHANMO~1\AppData\Local\Temp\npm-4864-ff376754\git-cache-7fd0b90a\58358238f1cc038f8af84d9caacfc5e0ccdc0993'...
61 verbose cloneResolved done.
62 info git [ 'checkout', '58358238f1cc038f8af84d9caacfc5e0ccdc0993' ]
63 verbose checkoutTreeish yaireo/validator checkout Note: checking out '58358238f1cc038f8af84d9caacfc5e0ccdc0993'.
63 verbose checkoutTreeish
63 verbose checkoutTreeish You are in 'detached HEAD' state. You can look around, make experimental
63 verbose checkoutTreeish changes and commit them, and you can discard any commits you make in this
63 verbose checkoutTreeish state without impacting any branches by performing another checkout.
63 verbose checkoutTreeish
63 verbose checkoutTreeish If you want to create a new branch to retain commits you create, you may
63 verbose checkoutTreeish do so (now or later) by using -b with the checkout command again. Example:
63 verbose checkoutTreeish
63 verbose checkoutTreeish   git checkout -b <new-branch-name>
63 verbose checkoutTreeish
63 verbose checkoutTreeish HEAD is now at 5835823... fixed a bug with validating linked fields
64 error addLocal Could not install C:\Users\KHANMO~1\AppData\Local\Temp\npm-4864-ff376754\git-cache-7fd0b90a\58358238f1cc038f8af84d9caacfc5e0ccdc0993
65 silly trySSH attempting to clone git@github.com:yaireo/validator.git
66 silly tryClone cloning yaireo/validator via git@github.com:yaireo/validator.git
67 verbose tryClone git-github-com-yaireo-validator-git-09388540 not in flight; caching
68 verbose correctMkdir C:\Users\KhanMohammad\AppData\Roaming\npm-cache\_git-remotes correctMkdir not in flight; initializing
69 info git [ 'config', '--get', 'remote.origin.url' ]
70 silly validateExistingRemote yaireo/validator remote.origin.url: git@github.com:yaireo/validator.git
71 verbose validateExistingRemote yaireo/validator is updating existing cached remote C:\Users\KhanMohammad\AppData\Roaming\npm-cache\_git-remotes\git-github-com-yaireo-validator-git-09388540
72 info git [ 'fetch', '-a', 'origin' ]
73 verbose updateRemote git fetch -a origin (git@github.com:yaireo/validator.git)
74 verbose setPermissions yaireo/validator skipping chownr on Windows
75 verbose resolveHead yaireo/validator original treeish: master
76 info git [ 'rev-list', '-n1', 'master' ]
77 silly resolveHead yaireo/validator resolved treeish: 58358238f1cc038f8af84d9caacfc5e0ccdc0993
78 verbose resolveHead yaireo/validator resolved Git URL: git+ssh://git@github.com/yaireo/validator.git#58358238f1cc038f8af84d9caacfc5e0ccdc0993
79 silly resolveHead Git working directory: C:\Users\KHANMO~1\AppData\Local\Temp\npm-4864-ff376754\git-cache-3c6ec49b\58358238f1cc038f8af84d9caacfc5e0ccdc0993
80 info git [ 'clone',
80 info git   'C:\\Users\\KhanMohammad\\AppData\\Roaming\\npm-cache\\_git-remotes\\git-github-com-yaireo-validator-git-09388540',
80 info git   'C:\\Users\\KHANMO~1\\AppData\\Local\\Temp\\npm-4864-ff376754\\git-cache-3c6ec49b\\58358238f1cc038f8af84d9caacfc5e0ccdc0993' ]
81 verbose cloneResolved yaireo/validator clone Cloning into 'C:\Users\KHANMO~1\AppData\Local\Temp\npm-4864-ff376754\git-cache-3c6ec49b\58358238f1cc038f8af84d9caacfc5e0ccdc0993'...
81 verbose cloneResolved done.
82 info git [ 'checkout', '58358238f1cc038f8af84d9caacfc5e0ccdc0993' ]
83 verbose checkoutTreeish yaireo/validator checkout Note: checking out '58358238f1cc038f8af84d9caacfc5e0ccdc0993'.
83 verbose checkoutTreeish
83 verbose checkoutTreeish You are in 'detached HEAD' state. You can look around, make experimental
83 verbose checkoutTreeish changes and commit them, and you can discard any commits you make in this
83 verbose checkoutTreeish state without impacting any branches by performing another checkout.
83 verbose checkoutTreeish
83 verbose checkoutTreeish If you want to create a new branch to retain commits you create, you may
83 verbose checkoutTreeish do so (now or later) by using -b with the checkout command again. Example:
83 verbose checkoutTreeish
83 verbose checkoutTreeish   git checkout -b <new-branch-name>
83 verbose checkoutTreeish
83 verbose checkoutTreeish HEAD is now at 5835823... fixed a bug with validating linked fields
84 error addLocal Could not install C:\Users\KHANMO~1\AppData\Local\Temp\npm-4864-ff376754\git-cache-3c6ec49b\58358238f1cc038f8af84d9caacfc5e0ccdc0993
85 silly fetchPackageMetaData Error: EISDIR: illegal operation on a directory, read
85 silly fetchPackageMetaData     at Error (native)
85 silly fetchPackageMetaData  error for validator@github:yaireo/validator { [Error: EISDIR: illegal operation on a directory, read] errno: -4068, code: 'EISDIR', syscall: 'read' }
86 silly rollbackFailedOptional Starting
87 silly rollbackFailedOptional Finishing
88 silly runTopLevelLifecycles Starting
89 silly runTopLevelLifecycles Finishing
90 silly install printInstalled
91 verbose stack Error: EISDIR: illegal operation on a directory, read
91 verbose stack     at Error (native)
92 verbose cwd D:\server\tcablebilling.dev
93 error Windows_NT 6.3.9600
94 error argv "C:\\Program Files\\nodejs\\node.exe" "C:\\Program Files\\nodejs\\node_modules\\npm\\bin\\npm-cli.js" "install"
95 error node v5.7.1
96 error npm  v3.6.0
97 error code EISDIR
98 error errno -4068
99 error syscall read
100 error eisdir EISDIR: illegal operation on a directory, read
101 error eisdir This is most likely not a problem with npm itself
101 error eisdir and is related to npm not being able to find a package.json in
101 error eisdir a package you are trying to install.
102 verbose exit [ -4068, true ]
